<?xml version="1.0" encoding="UTF-8"?>
<!-- Generated by org.testng.reporters.JUnitReportReporter -->
<testsuite skipped="0" hostname="LAPTOP-1M87VRO0" name="com.Task.practice.DatePicker" tests="1" failures="0" timestamp="2021-07-27T15:15:35 IST" time="0.718" errors="0">
  <testcase name="pick" time="0.718" classname="com.Task.practice.DatePicker"/>
  <system-out/>
</testsuite> <!-- com.Task.practice.DatePicker -->
