<?xml version="1.0" encoding="UTF-8"?>
<!-- Generated by org.testng.reporters.JUnitReportReporter -->
<testsuite skipped="0" hostname="LAPTOP-1M87VRO0" name="com.Task.practice.DragNDropSample" tests="1" failures="0" timestamp="2021-07-26T16:40:32 IST" time="0.809" errors="0">
  <testcase name="demo" time="0.809" classname="com.Task.practice.DragNDropSample"/>
  <system-out/>
</testsuite> <!-- com.Task.practice.DragNDropSample -->
