<?xml version="1.0" encoding="UTF-8"?>
<!-- Generated by org.testng.reporters.JUnitReportReporter -->
<testsuite skipped="0" hostname="LAPTOP-1M87VRO0" name="com.Listners.Tasks.AddFlight" tests="1" failures="0" timestamp="2021-07-25T22:54:18 IST" time="3.906" errors="0">
  <testcase name="flight" time="3.906" classname="com.Listners.Tasks.AddFlight"/>
  <system-out/>
</testsuite> <!-- com.Listners.Tasks.AddFlight -->
