<?xml version="1.0" encoding="UTF-8"?>
<!-- Generated by org.testng.reporters.JUnitReportReporter -->
<testsuite skipped="0" hostname="LAPTOP-1M87VRO0" name="com.Task.practice.PrintName" tests="2" failures="0" timestamp="2021-07-27T16:09:26 IST" time="4.868" errors="0">
  <testcase name="middle" time="1.865" classname="com.Task.practice.PrintName"/>
  <system-out/>
  <testcase name="left" time="3.003" classname="com.Task.practice.PrintName"/>
  <system-out/>
</testsuite> <!-- com.Task.practice.PrintName -->
