<?xml version="1.0" encoding="UTF-8"?>
<!-- Generated by org.testng.reporters.JUnitReportReporter -->
<testsuite skipped="0" hostname="LAPTOP-1M87VRO0" name="com.Task.practice.Calculator" tests="5" failures="0" timestamp="2021-07-27T15:19:56 IST" time="14.800" errors="0">
  <testcase name="add" time="0.551" classname="com.Task.practice.Calculator"/>
  <system-out/>
  <testcase name="sub" time="3.675" classname="com.Task.practice.Calculator"/>
  <system-out/>
  <testcase name="mul" time="3.500" classname="com.Task.practice.Calculator"/>
  <system-out/>
  <testcase name="div" time="3.550" classname="com.Task.practice.Calculator"/>
  <system-out/>
  <testcase name="concate" time="3.524" classname="com.Task.practice.Calculator"/>
  <system-out/>
</testsuite> <!-- com.Task.practice.Calculator -->
