<?xml version="1.0" encoding="UTF-8"?>
<!-- Generated by org.testng.reporters.JUnitReportReporter -->
<testsuite skipped="0" hostname="LAPTOP-1M87VRO0" name="com.Task.practice.SampleWebElement" tests="2" failures="0" timestamp="2021-07-28T14:48:40 IST" time="3.589" errors="0">
  <testcase name="Book" time="0.875" classname="com.Task.practice.SampleWebElement"/>
  <system-out/>
  <testcase name="loginData" time="2.714" classname="com.Task.practice.SampleWebElement"/>
  <system-out/>
</testsuite> <!-- com.Task.practice.SampleWebElement -->
