<?xml version="1.0" encoding="UTF-8"?>
<!-- Generated by org.testng.reporters.JUnitReportReporter -->
<testsuite skipped="0" hostname="LAPTOP-1M87VRO0" name="com.Listners.Tasks.AddToCartFish" tests="1" failures="0" timestamp="2021-07-25T22:54:18 IST" time="1.537" errors="0">
  <testcase name="addtocart" time="1.537" classname="com.Listners.Tasks.AddToCartFish"/>
  <system-out/>
</testsuite> <!-- com.Listners.Tasks.AddToCartFish -->
