<?xml version="1.0" encoding="UTF-8"?>
<!-- Generated by org.testng.reporters.JUnitReportReporter -->
<testsuite skipped="0" hostname="LAPTOP-1M87VRO0" name="com.Task.practice.AlertSample" tests="1" failures="0" timestamp="2021-07-26T16:48:41 IST" time="6.600" errors="0">
  <testcase name="alert" time="6.600" classname="com.Task.practice.AlertSample"/>
  <system-out/>
</testsuite> <!-- com.Task.practice.AlertSample -->
