<?xml version="1.0" encoding="UTF-8"?>
<!-- Generated by org.testng.reporters.JUnitReportReporter -->
<testsuite skipped="0" hostname="LAPTOP-1M87VRO0" name="com.Task.practice.CrickbuzzTable" tests="4" failures="0" timestamp="2021-07-28T13:54:11 IST" time="3.337" errors="0">
  <testcase name="m1" time="1.388" classname="com.Task.practice.CrickbuzzTable"/>
  <system-out/>
  <testcase name="m2" time="0.638" classname="com.Task.practice.CrickbuzzTable"/>
  <system-out/>
  <testcase name="m3" time="0.633" classname="com.Task.practice.CrickbuzzTable"/>
  <system-out/>
  <testcase name="m4" time="0.678" classname="com.Task.practice.CrickbuzzTable"/>
  <system-out/>
</testsuite> <!-- com.Task.practice.CrickbuzzTable -->
