<?xml version="1.0" encoding="UTF-8"?>
<!-- Generated by org.testng.reporters.JUnitReportReporter -->
<testsuite skipped="0" hostname="LAPTOP-1M87VRO0" name="com.Task.practice.DropDownSample" tests="1" failures="0" timestamp="2021-07-27T14:06:23 IST" time="0.854" errors="0">
  <testcase name="m1" time="0.854" classname="com.Task.practice.DropDownSample"/>
  <system-out/>
</testsuite> <!-- com.Task.practice.DropDownSample -->
