<?xml version="1.0" encoding="UTF-8"?>
<!-- Generated by org.testng.reporters.JUnitReportReporter -->
<testsuite skipped="0" hostname="LAPTOP-1M87VRO0" name="com.Task.practice.SelectMenu" tests="1" failures="0" timestamp="2021-07-27T16:36:46 IST" time="0.819" errors="0">
  <testcase name="m1" time="0.819" classname="com.Task.practice.SelectMenu"/>
  <system-out/>
</testsuite> <!-- com.Task.practice.SelectMenu -->
