<?xml version="1.0" encoding="UTF-8"?>
<!-- Generated by org.testng.reporters.JUnitReportReporter -->
<testsuite skipped="0" hostname="LAPTOP-1M87VRO0" name="com.Task.practice.SampleDriver" tests="1" failures="0" timestamp="2021-07-26T13:33:05 IST" time="2.655" errors="0">
  <testcase name="login" time="2.655" classname="com.Task.practice.SampleDriver"/>
  <system-out/>
</testsuite> <!-- com.Task.practice.SampleDriver -->
