<?xml version="1.0" encoding="UTF-8"?>
<!-- Generated by org.testng.reporters.JUnitReportReporter -->
<testsuite skipped="0" hostname="LAPTOP-1M87VRO0" name="com.Task.practice.CheckBoxSample" tests="1" failures="0" timestamp="2021-07-27T12:23:25 IST" time="1.116" errors="0">
  <testcase name="box" time="1.116" classname="com.Task.practice.CheckBoxSample"/>
  <system-out/>
</testsuite> <!-- com.Task.practice.CheckBoxSample -->
