<?xml version="1.0" encoding="UTF-8"?>
<!-- Generated by org.testng.reporters.JUnitReportReporter -->
<testsuite skipped="0" hostname="LAPTOP-1M87VRO0" name="com.withLog4j.Tasks.demoShop" tests="2" failures="0" timestamp="2021-08-03T13:28:29 IST" time="1.580" errors="0">
  <testcase name="m1" time="0.518" classname="com.withLog4j.Tasks.demoShop"/>
  <system-out/>
  <testcase name="login" time="1.062" classname="com.withLog4j.Tasks.demoShop"/>
  <system-out/>
</testsuite> <!-- com.withLog4j.Tasks.demoShop -->
